<?xml version="1.0" encoding="UTF-8"?>
<!-- Generated by org.testng.reporters.JUnitXMLReporter -->
<testsuite hostname="DE6BJ10X2" ignored="0" name="log4jSampleTest" tests="4" failures="0" timestamp="27 Dec 2019 13:38:32 GMT" time="0.031" errors="0">
  <testcase name="ThreedLog4JSampleTest" time="0.01" classname="restApi.Twitter.Log4jSample"/>
  <testcase name="firstLog4JSampleTest" time="0.001" classname="restApi.Twitter.Log4jSample"/>
  <testcase name="fourthdLog4JSampleTest" time="0.0" classname="restApi.Twitter.Log4jSample"/>
  <testcase name="secondLog4JSampleTest" time="0.0" classname="restApi.Twitter.Log4jSample"/>
</testsuite> <!-- log4jSampleTest -->
