<?xml version="1.0" encoding="UTF-8"?>
<!-- Generated by org.testng.reporters.JUnitXMLReporter -->
<testsuite hostname="DE6BJ10X2" ignored="0" name="log4jSampleTest" tests="4" failures="0" timestamp="30 Dec 2019 11:46:42 GMT" time="0.04" errors="0">
  <testcase name="ThreedLog4JSampleTest" time="0.011" classname="restApi.Twitter.Log4jSample"/>
  <testcase name="firstLog4JSampleTest" time="0.001" classname="restApi.Twitter.Log4jSample"/>
  <testcase name="fourthdLog4JSampleTest" time="0.001" classname="restApi.Twitter.Log4jSample"/>
  <testcase name="secondLog4JSampleTest" time="0.001" classname="restApi.Twitter.Log4jSample"/>
</testsuite> <!-- log4jSampleTest -->
