<?xml version="1.0" encoding="UTF-8"?>
<testsuite xmlns:xsi="http://www.w3.org/2001/XMLSchema-instance" xsi:noNamespaceSchemaLocation="https://maven.apache.org/surefire/maven-surefire-plugin/xsd/surefire-test-report-3.0.xsd" version="3.0" name="TestSuite" time="1.087" tests="4" errors="0" skipped="0" failures="0">
  <properties>
[...]
</properties>
  <testcase name="ThreedLog4JSampleTest" classname="restApi.Twitter.Log4jSample" time="0.011"/>
  <testcase name="firstLog4JSampleTest" classname="restApi.Twitter.Log4jSample" time="0"/>
  <testcase name="fourthdLog4JSampleTest" classname="restApi.Twitter.Log4jSample" time="0"/>
  <testcase name="secondLog4JSampleTest" classname="restApi.Twitter.Log4jSample" time="0"/>
</testsuite>