<?xml version="1.0" encoding="UTF-8"?>
<testng-results skipped="0" failed="0" ignored="0" total="4" passed="4">
  <reporter-output>
  </reporter-output>
  <suite name="restAssuredFrameWorkTraining" duration-ms="40" started-at="2019-12-30T11:46:41Z" finished-at="2019-12-30T11:46:41Z">
    <groups>
    </groups>
    <test name="log4jSampleTest" duration-ms="40" started-at="2019-12-30T11:46:41Z" finished-at="2019-12-30T11:46:41Z">
      <class name="restApi.Twitter.Log4jSample">
        <test-method status="PASS" signature="ThreedLog4JSampleTest()[pri:0, instance:restApi.Twitter.Log4jSample@604ed9f0]" name="ThreedLog4JSampleTest" duration-ms="11" started-at="2019-12-30T11:46:41Z" finished-at="2019-12-30T11:46:41Z">
          <reporter-output>
          </reporter-output>
        </test-method> <!-- ThreedLog4JSampleTest -->
        <test-method status="PASS" signature="firstLog4JSampleTest()[pri:0, instance:restApi.Twitter.Log4jSample@604ed9f0]" name="firstLog4JSampleTest" duration-ms="1" started-at="2019-12-30T11:46:41Z" finished-at="2019-12-30T11:46:41Z">
          <reporter-output>
          </reporter-output>
        </test-method> <!-- firstLog4JSampleTest -->
        <test-method status="PASS" signature="fourthdLog4JSampleTest()[pri:0, instance:restApi.Twitter.Log4jSample@604ed9f0]" name="fourthdLog4JSampleTest" duration-ms="1" started-at="2019-12-30T11:46:41Z" finished-at="2019-12-30T11:46:41Z">
          <reporter-output>
          </reporter-output>
        </test-method> <!-- fourthdLog4JSampleTest -->
        <test-method status="PASS" signature="secondLog4JSampleTest()[pri:0, instance:restApi.Twitter.Log4jSample@604ed9f0]" name="secondLog4JSampleTest" duration-ms="1" started-at="2019-12-30T11:46:41Z" finished-at="2019-12-30T11:46:41Z">
          <reporter-output>
          </reporter-output>
        </test-method> <!-- secondLog4JSampleTest -->
      </class> <!-- restApi.Twitter.Log4jSample -->
    </test> <!-- log4jSampleTest -->
  </suite> <!-- restAssuredFrameWorkTraining -->
</testng-results>
